<?xml version="1.0" encoding="UTF-8"?>
<!-- Generated by org.testng.reporters.JUnitReportReporter -->
<testsuite hostname="LENOVO-16" failures="0" tests="2" name="com.mystore.testcases.TC_MyAccountPageTest" time="8.919" errors="0" timestamp="2023-01-28T12:16:31 IST" skipped="1">
  <testcase classname="com.mystore.testcases.TC_MyAccountPageTest" name="VerifyLogin" time="8.919"/>
  <system-out/>
  <testcase classname="com.mystore.testcases.TC_MyAccountPageTest" name="verifyRegistrationAndLogin">
    <skipped/>
  </testcase> <!-- verifyRegistrationAndLogin -->
  <system-out/>
</testsuite> <!-- com.mystore.testcases.TC_MyAccountPageTest -->
